[2019-08-08 12:18:58 *20497.0]	ERROR	zm_deactivate_swoole (ERROR 503): Fatal error: Uncaught Error: Using $this when not in object context in /home/wwwroot/restapi.babel-group.cn/public/http_server_start.php:59
Stack trace:
#0 {main}
  thrown in /home/wwwroot/restapi.babel-group.cn/public/http_server_start.php on line 59.
[2019-08-08 12:18:58 $20492.0]	WARNING	swManager_check_exit_status: worker#0 abnormal exit, status=255, signal=0
[2019-08-08 12:21:33 *21008.15]	WARNING	swSignalfd_onSignal: signal[1] callback is null.
[2019-08-08 12:21:33 *21001.8]	WARNING	swSignalfd_onSignal: signal[1] callback is null.
[2019-08-08 12:21:33 *21005.12]	WARNING	swSignalfd_onSignal: signal[1] callback is null.
[2019-08-08 12:21:33 *21003.10]	WARNING	swSignalfd_onSignal: signal[1] callback is null.
[2019-08-08 12:21:33 *20998.5]	WARNING	swSignalfd_onSignal: signal[1] callback is null.
[2019-08-08 12:21:33 *21002.9]	WARNING	swSignalfd_onSignal: signal[1] callback is null.
[2019-08-08 12:21:33 *21000.7]	WARNING	swSignalfd_onSignal: signal[1] callback is null.
[2019-08-08 12:21:33 *20995.2]	WARNING	swSignalfd_onSignal: signal[1] callback is null.
[2019-08-08 12:21:33 *20999.6]	WARNING	swSignalfd_onSignal: signal[1] callback is null.
[2019-08-08 12:21:33 *20996.3]	WARNING	swSignalfd_onSignal: signal[1] callback is null.
[2019-08-08 12:21:33 *20994.1]	WARNING	swSignalfd_onSignal: signal[1] callback is null.
[2019-08-08 12:21:33 *21007.14]	WARNING	swSignalfd_onSignal: signal[1] callback is null.
[2019-08-08 12:21:33 *20993.0]	WARNING	swSignalfd_onSignal: signal[1] callback is null.
[2019-08-08 12:21:33 $20988.0]	WARNING	swSignal_callback: signal[1] callback is null.
[2019-08-08 12:21:33 *20997.4]	WARNING	swSignalfd_onSignal: signal[1] callback is null.
[2019-08-08 12:21:33 *21004.11]	WARNING	swSignalfd_onSignal: signal[1] callback is null.
[2019-08-08 12:21:33 *21006.13]	WARNING	swSignalfd_onSignal: signal[1] callback is null.
[2019-08-08 14:19:10 *10087.0]	ERROR	zm_deactivate_swoole (ERROR 503): Fatal error: Uncaught Error: Class 'HttpServer' not found in /home/wwwroot/restapi.babel-group.cn/public/http_server_start.php:53
Stack trace:
#0 {main}
  thrown in /home/wwwroot/restapi.babel-group.cn/public/http_server_start.php on line 53.
[2019-08-08 14:19:10 $10082.0]	WARNING	swManager_check_exit_status: worker#0 abnormal exit, status=255, signal=0
[2019-08-08 14:20:32 *10405.0]	ERROR	zm_deactivate_swoole (ERROR 503): Fatal error: Uncaught Error: Class 'HttpServer' not found in /home/wwwroot/restapi.babel-group.cn/public/http_server_start.php:70
Stack trace:
#0 {main}
  thrown in /home/wwwroot/restapi.babel-group.cn/public/http_server_start.php on line 70.
[2019-08-08 14:20:32 $10400.0]	WARNING	swManager_check_exit_status: worker#0 abnormal exit, status=255, signal=0
[2019-08-08 14:24:08 #10666.4]	WARNING	swServer_master_onTimer (ERROR 9007): No idle worker is available.
[2019-08-08 14:42:56 #14526.4]	WARNING	swServer_master_onTimer (ERROR 9007): No idle worker is available.
[2019-08-08 16:37:41 #3095.4]	WARNING	swServer_master_onTimer (ERROR 9007): No idle worker is available.
[2019-08-08 16:37:42 #3095.4]	WARNING	swServer_master_onTimer (ERROR 9007): No idle worker is available.
[2019-08-08 16:37:43 #3095.4]	WARNING	swServer_master_onTimer (ERROR 9007): No idle worker is available.
[2019-08-08 16:37:44 #3095.4]	WARNING	swServer_master_onTimer (ERROR 9007): No idle worker is available.
[2019-08-08 16:37:45 #3095.4]	WARNING	swServer_master_onTimer (ERROR 9007): No idle worker is available.
[2019-08-08 16:37:46 #3095.4]	WARNING	swServer_master_onTimer (ERROR 9007): No idle worker is available.
[2019-08-08 16:37:47 #3095.4]	WARNING	swServer_master_onTimer (ERROR 9007): No idle worker is available.
[2019-08-08 16:37:48 #3095.4]	WARNING	swServer_master_onTimer (ERROR 9007): No idle worker is available.
[2019-08-08 16:37:49 #3095.4]	WARNING	swServer_master_onTimer (ERROR 9007): No idle worker is available.
[2019-08-08 16:37:50 #3095.4]	WARNING	swServer_master_onTimer (ERROR 9007): No idle worker is available.
[2019-08-08 16:37:51 #3095.4]	WARNING	swServer_master_onTimer (ERROR 9007): No idle worker is available.
[2019-08-08 16:37:52 #3095.4]	WARNING	swServer_master_onTimer (ERROR 9007): No idle worker is available.
[2019-08-08 16:37:53 #3095.4]	WARNING	swServer_master_onTimer (ERROR 9007): No idle worker is available.
[2019-08-08 16:37:54 #3095.4]	WARNING	swServer_master_onTimer (ERROR 9007): No idle worker is available.
[2019-08-08 16:37:55 #3095.4]	WARNING	swServer_master_onTimer (ERROR 9007): No idle worker is available.
[2019-08-08 16:37:56 #3095.4]	WARNING	swServer_master_onTimer (ERROR 9007): No idle worker is available.
[2019-08-08 16:37:57 #3095.4]	WARNING	swServer_master_onTimer (ERROR 9007): No idle worker is available.
[2019-08-08 16:37:58 #3095.4]	WARNING	swServer_master_onTimer (ERROR 9007): No idle worker is available.
[2019-08-08 16:37:59 #3095.4]	WARNING	swServer_master_onTimer (ERROR 9007): No idle worker is available.
[2019-08-08 16:38:00 #3095.4]	WARNING	swServer_master_onTimer (ERROR 9007): No idle worker is available.
[2019-08-08 16:38:01 #3095.4]	WARNING	swServer_master_onTimer (ERROR 9007): No idle worker is available.
[2019-08-08 17:48:39 *16636.15]	WARNING	swSignalfd_onSignal: signal[1] callback is null.
[2019-08-08 17:48:39 *16623.2]	WARNING	swSignalfd_onSignal: signal[1] callback is null.
[2019-08-08 17:48:39 *16628.7]	WARNING	swSignalfd_onSignal: signal[1] callback is null.
[2019-08-08 17:48:39 *16622.1]	WARNING	swSignalfd_onSignal: signal[1] callback is null.
[2019-08-08 17:48:39 #16615.4]	WARNING	swSignalfd_onSignal: signal[1] callback is null.
[2019-08-08 17:48:39 #16615.4]	WARNING	swSignalfd_onSignal: signal[1] callback is null.
[2019-08-08 17:48:39 *16635.14]	WARNING	swSignalfd_onSignal: signal[1] callback is null.
[2019-08-08 17:48:39 *16630.9]	WARNING	swSignalfd_onSignal: signal[1] callback is null.
[2019-08-08 17:48:39 *16630.9]	WARNING	swSignalfd_onSignal: signal[1] callback is null.
[2019-08-08 17:48:39 *16633.12]	WARNING	swSignalfd_onSignal: signal[1] callback is null.
[2019-08-08 17:48:39 *16633.12]	WARNING	swSignalfd_onSignal: signal[1] callback is null.
[2019-08-08 17:48:39 *16638.17]	WARNING	swSignalfd_onSignal: signal[1] callback is null.
[2019-08-08 17:48:39 *16638.17]	WARNING	swSignalfd_onSignal: signal[1] callback is null.
[2019-08-08 17:48:39 *16639.18]	WARNING	swSignalfd_onSignal: signal[1] callback is null.
[2019-08-08 17:48:39 *16639.18]	WARNING	swSignalfd_onSignal: signal[1] callback is null.
[2019-08-08 17:48:39 *16629.8]	WARNING	swSignalfd_onSignal: signal[1] callback is null.
[2019-08-08 17:48:39 *16629.8]	WARNING	swSignalfd_onSignal: signal[1] callback is null.
[2019-08-08 17:48:39 *16623.2]	WARNING	swSignalfd_onSignal: signal[1] callback is null.
[2019-08-08 17:48:39 *16640.19]	WARNING	swSignalfd_onSignal: signal[1] callback is null.
[2019-08-08 17:48:39 *16625.4]	WARNING	swSignalfd_onSignal: signal[1] callback is null.
[2019-08-08 17:48:39 *16634.13]	WARNING	swSignalfd_onSignal: signal[1] callback is null.
[2019-08-08 17:48:39 *16627.6]	WARNING	swSignalfd_onSignal: signal[1] callback is null.
[2019-08-08 17:48:39 *16632.11]	WARNING	swSignalfd_onSignal: signal[1] callback is null.
[2019-08-08 17:48:39 *16626.5]	WARNING	swSignalfd_onSignal: signal[1] callback is null.
[2019-08-08 17:48:39 *16628.7]	WARNING	swSignalfd_onSignal: signal[1] callback is null.
[2019-08-08 17:48:39 *16636.15]	WARNING	swSignalfd_onSignal: signal[1] callback is null.
[2019-08-08 17:48:39 *16624.3]	WARNING	swSignalfd_onSignal: signal[1] callback is null.
[2019-08-08 17:48:39 $16616.0]	WARNING	swSignal_callback: signal[1] callback is null.
[2019-08-08 17:48:39 $16616.0]	WARNING	swSignal_callback: signal[1] callback is null.
[2019-08-08 17:48:39 *16637.16]	WARNING	swSignalfd_onSignal: signal[1] callback is null.
[2019-08-08 17:48:39 *16635.14]	WARNING	swSignalfd_onSignal: signal[1] callback is null.
[2019-08-08 17:48:39 *16631.10]	WARNING	swSignalfd_onSignal: signal[1] callback is null.
[2019-08-08 17:48:39 *16624.3]	WARNING	swSignalfd_onSignal: signal[1] callback is null.
[2019-08-08 17:48:39 *16621.0]	WARNING	swSignalfd_onSignal: signal[1] callback is null.
[2019-08-08 17:48:39 *16637.16]	WARNING	swSignalfd_onSignal: signal[1] callback is null.
[2019-08-08 17:48:39 *16631.10]	WARNING	swSignalfd_onSignal: signal[1] callback is null.
